<?xml version="1.0" encoding="UTF-8"?>
<!-- Generated by org.testng.reporters.JUnitReportReporter -->
<testsuite hostname="DESKTOP-1VSDUBV" failures="0" tests="1" name="shopperBankCards.VerifyCards" time="2.777" errors="0" timestamp="2023-04-19T17:25:28 IST" skipped="0">
  <testcase classname="shopperBankCards.VerifyCards" name="verifyCardsTest" time="2.777"/>
  <system-out/>
</testsuite> <!-- shopperBankCards.VerifyCards -->
