<?xml version="1.0" encoding="UTF-8"?>
<!-- Generated by org.testng.reporters.JUnitReportReporter -->
<testsuite hostname="DESKTOP-1VSDUBV" failures="0" tests="1" name="shopperBankCards.UpdateCard" time="2.749" errors="0" timestamp="2023-04-19T16:18:22 IST" skipped="0">
  <testcase classname="shopperBankCards.UpdateCard" name="updateCardTest" time="2.749"/>
  <system-out/>
</testsuite> <!-- shopperBankCards.UpdateCard -->
