<?xml version="1.0" encoding="UTF-8"?>
<!-- Generated by org.testng.reporters.JUnitReportReporter -->
<testsuite hostname="DESKTOP-1VSDUBV" failures="0" tests="1" name="shopperBankCards.UserLogin" time="4.005" errors="0" timestamp="2023-04-19T15:16:06 IST" skipped="0">
  <testcase classname="shopperBankCards.UserLogin" name="userLoginTest" time="4.005"/>
  <system-out/>
</testsuite> <!-- shopperBankCards.UserLogin -->
