<?xml version="1.0" encoding="UTF-8"?>
<!-- Generated by org.testng.reporters.JUnitReportReporter -->
<testsuite hostname="LAPTOP-GA2PV6SN" failures="0" tests="1" name="shopper.profile.RegisterAShopperTest" time="3.327" errors="0" timestamp="2023-04-19T13:25:40 IST" skipped="0">
  <testcase classname="shopper.profile.RegisterAShopperTest" name="register" time="3.327"/>
  <system-out/>
</testsuite> <!-- shopper.profile.RegisterAShopperTest -->
