<?xml version="1.0" encoding="UTF-8"?>
<!-- Generated by org.testng.reporters.JUnitReportReporter -->
<testsuite hostname="LAPTOP-GA2PV6SN" failures="0" tests="1" name="shopper.profile.ShoppersLoginTest" time="3.016" errors="0" timestamp="2023-04-19T15:03:19 IST" skipped="0">
  <testcase classname="shopper.profile.ShoppersLoginTest" name="getAProject" time="3.016"/>
  <system-out/>
</testsuite> <!-- shopper.profile.ShoppersLoginTest -->
