<?xml version="1.0" encoding="UTF-8"?>
<!-- Generated by org.testng.reporters.JUnitReportReporter -->
<testsuite hostname="DESKTOP-1VSDUBV" failures="0" tests="1" name="shopperBankCards.GetAllProducts" time="2.854" errors="0" timestamp="2023-04-19T15:59:20 IST" skipped="0">
  <testcase classname="shopperBankCards.GetAllProducts" name="getAllProducts" time="2.854"/>
  <system-out/>
</testsuite> <!-- shopperBankCards.GetAllProducts -->
