<?xml version="1.0" encoding="UTF-8"?>
<!-- Generated by org.testng.reporters.JUnitReportReporter -->
<testsuite hostname="LAPTOP-GA2PV6SN" failures="0" tests="1" name="shopper.profile.FindShopperByShopperIdTest" time="3.521" errors="0" timestamp="2023-04-19T15:01:22 IST" skipped="0">
  <testcase classname="shopper.profile.FindShopperByShopperIdTest" name="getAProject" time="3.521"/>
  <system-out/>
</testsuite> <!-- shopper.profile.FindShopperByShopperIdTest -->
