<?xml version="1.0" encoding="UTF-8"?>
<!-- Generated by org.testng.reporters.JUnitReportReporter -->
<testsuite hostname="DESKTOP-1VSDUBV" failures="0" tests="1" name="shopperBankCards.GetAllBanks" time="3.106" errors="0" timestamp="2023-04-19T17:39:53 IST" skipped="0">
  <testcase classname="shopperBankCards.GetAllBanks" name="getAllBanksTest" time="3.106"/>
  <system-out/>
</testsuite> <!-- shopperBankCards.GetAllBanks -->
