<?xml version="1.0" encoding="UTF-8"?>
<!-- Generated by org.testng.reporters.JUnitReportReporter -->
<testsuite hostname="DESKTOP-1VSDUBV" failures="0" tests="1" name="shopperBankCards.GetCards" time="4.404" errors="0" timestamp="2023-04-19T17:43:38 IST" skipped="0">
  <testcase classname="shopperBankCards.GetCards" name="getCardsTest" time="4.404"/>
  <system-out/>
</testsuite> <!-- shopperBankCards.GetCards -->
