<?xml version="1.0" encoding="UTF-8"?>
<!-- Generated by org.testng.reporters.JUnitReportReporter -->
<testsuite hostname="LAPTOP-GA2PV6SN" failures="0" tests="1" name="shopper.profile.SetUserPasswordTest" time="4.236" errors="0" timestamp="2023-04-19T17:33:07 IST" skipped="0">
  <testcase classname="shopper.profile.SetUserPasswordTest" name="set" time="4.236"/>
  <system-out/>
</testsuite> <!-- shopper.profile.SetUserPasswordTest -->
