<?xml version="1.0" encoding="UTF-8"?>
<!-- Generated by org.testng.reporters.JUnitReportReporter -->
<testsuite hostname="DESKTOP-1VSDUBV" failures="0" tests="1" name="shopperBankCards.CreateBankAccount" time="2.636" errors="0" timestamp="2023-04-19T16:09:09 IST" skipped="0">
  <testcase classname="shopperBankCards.CreateBankAccount" name="createBankAccountTest" time="2.636"/>
  <system-out/>
</testsuite> <!-- shopperBankCards.CreateBankAccount -->
