<?xml version="1.0" encoding="UTF-8"?>
<!-- Generated by org.testng.reporters.JUnitReportReporter -->
<testsuite hostname="DESKTOP-1VSDUBV" failures="0" tests="1" name="shopperBankCards.PostBankAcc" time="3.349" errors="0" timestamp="2023-04-19T15:44:55 IST" skipped="0">
  <testcase classname="shopperBankCards.PostBankAcc" name="postBankAccTest" time="3.349"/>
  <system-out/>
</testsuite> <!-- shopperBankCards.PostBankAcc -->
