<?xml version="1.0" encoding="UTF-8"?>
<!-- Generated by org.testng.reporters.JUnitReportReporter -->
<testsuite hostname="DESKTOP-1VSDUBV" failures="0" tests="1" name="shopperBankCards.PostCardsTranscations" time="3.532" errors="0" timestamp="2023-04-19T17:35:02 IST" skipped="0">
  <testcase classname="shopperBankCards.PostCardsTranscations" name="postCardsTranscationsTest" time="3.532"/>
  <system-out/>
</testsuite> <!-- shopperBankCards.PostCardsTranscations -->
