<?xml version="1.0" encoding="UTF-8"?>
<!-- Generated by org.testng.reporters.JUnitReportReporter -->
<testsuite hostname="DESKTOP-1VSDUBV" failures="0" tests="1" name="shopperBankCards.RegisterShopper" time="7.059" errors="0" timestamp="2023-04-19T12:17:26 IST" skipped="0">
  <testcase classname="shopperBankCards.RegisterShopper" name="registerShopperTest" time="7.059"/>
  <system-out/>
</testsuite> <!-- shopperBankCards.RegisterShopper -->
