<?xml version="1.0" encoding="UTF-8"?>
<!-- Generated by org.testng.reporters.JUnitReportReporter -->
<testsuite hostname="LAPTOP-GA2PV6SN" failures="0" tests="1" name="shopper.profile.GenaratesURLForForgotPasswordTest" time="3.919" errors="0" timestamp="2023-04-19T17:32:37 IST" skipped="0">
  <testcase classname="shopper.profile.GenaratesURLForForgotPasswordTest" name="generate" time="3.919"/>
  <system-out/>
</testsuite> <!-- shopper.profile.GenaratesURLForForgotPasswordTest -->
