<?xml version="1.0" encoding="UTF-8"?>
<!-- Generated by org.testng.reporters.JUnitReportReporter -->
<testsuite hostname="LAPTOP-GA2PV6SN" failures="0" tests="1" name="shopper.profile.ResetThePasswordTest" time="2.159" errors="0" timestamp="2023-04-19T17:20:55 IST" skipped="0">
  <testcase classname="shopper.profile.ResetThePasswordTest" name="reset" time="2.159"/>
  <system-out/>
</testsuite> <!-- shopper.profile.ResetThePasswordTest -->
