<?xml version="1.0" encoding="UTF-8"?>
<!-- Generated by org.testng.reporters.JUnitReportReporter -->
<testsuite hostname="LAPTOP-GA2PV6SN" failures="0" tests="1" name="shopper.profile.UpdateShopperDetailsTest" time="4.465" errors="0" timestamp="2023-04-19T15:51:39 IST" skipped="0">
  <testcase classname="shopper.profile.UpdateShopperDetailsTest" name="register" time="4.465"/>
  <system-out/>
</testsuite> <!-- shopper.profile.UpdateShopperDetailsTest -->
