<?xml version="1.0" encoding="UTF-8"?>
<!-- Generated by org.testng.reporters.JUnitReportReporter -->
<testsuite hostname="DESKTOP-1VSDUBV" failures="0" tests="1" name="shopperBankCards.GetBank" time="3.304" errors="0" timestamp="2023-04-19T15:44:21 IST" skipped="0">
  <testcase classname="shopperBankCards.GetBank" name="getBankTest" time="3.304"/>
  <system-out/>
</testsuite> <!-- shopperBankCards.GetBank -->
