<?xml version="1.0" encoding="UTF-8"?>
<!-- Generated by org.testng.reporters.JUnitReportReporter -->
<testsuite hostname="DESKTOP-1VSDUBV" failures="0" tests="1" name="shopperBankCards.GetShopper" time="3.046" errors="0" timestamp="2023-04-19T15:36:39 IST" skipped="0">
  <testcase classname="shopperBankCards.GetShopper" name="getShopperTest" time="3.046"/>
  <system-out/>
</testsuite> <!-- shopperBankCards.GetShopper -->
